<?xml version="1.0" encoding="UTF-8"?>
<testsuite name="agh.ii.prinjava.proj1.impl.MyStackDLLBImplTest" tests="1" skipped="0" failures="0" errors="0" timestamp="2021-10-21T23:42:01" hostname="MacBook-Air-de-Vincent-3.local" time="0.032">
  <properties/>
  <testcase name="peek()" classname="agh.ii.prinjava.proj1.impl.MyStackDLLBImplTest" time="0.032"/>
  <system-out><![CDATA[]]></system-out>
  <system-err><![CDATA[]]></system-err>
</testsuite>
